#
# A fatal error has been detected by the Java Runtime Environment:
#
#  EXCEPTION_ACCESS_VIOLATION (0xc0000005) at pc=0x0000000065ad21b0, pid=7996, tid=0x0000000000004fd4
#
# JRE version: Java(TM) SE Runtime Environment (8.0_181-b13) (build 1.8.0_181-b13)
# Java VM: Java HotSpot(TM) 64-Bit Server VM (25.181-b13 mixed mode windows-amd64 compressed oops)
# Problematic frame:
# C  [gdx64.dll+0x121b0]
#
# Failed to write core dump. Minidumps are not enabled by default on client versions of Windows
#
# If you would like to submit a bug report, please visit:
#   http://bugreport.java.com/bugreport/crash.jsp
# The crash happened outside the Java Virtual Machine in native code.
# See problematic frame for where to report the bug.
#

---------------  T H R E A D  ---------------

Current thread (0x000000001f799800):  JavaThread "LWJGL Application" [_thread_in_native, id=20436, stack(0x0000000020450000,0x0000000020550000)]

siginfo: ExceptionCode=0xc0000005, writing address 0x0000000027f28040

Registers:
RAX=0x00000000ffffffff, RBX=0x000000001c01fb70, RCX=0x0000000027f28040, RDX=0x00000000280fcc40
RSP=0x000000002054f230, RBP=0x000000002054f2e0, RSI=0x0000000020200021, RDI=0x0000000002a07f40
R8 =0x000000001f1ec360, R9 =0x0000000000000004, R10=0x000000001f1ec360, R11=0x000000005e5bc6a0
R12=0x0000000000000000, R13=0x000000001c01fb70, R14=0x000000002054f310, R15=0x000000001f799800
RIP=0x0000000065ad21b0, EFLAGS=0x0000000000010216

Top of Stack: (sp=0x000000002054f230)
0x000000002054f230:   00000007c00ab050 00000007c00ab050
0x000000002054f240:   000000001c019b68 000000001f799800
0x000000002054f250:   000000001c019b68 0000000002a18c67
0x000000002054f260:   0000000500000001 0000000000000000
0x000000002054f270:   0000000000000000 0000000000000000
0x000000002054f280:   000000001bdf3558 000000001f799800
0x000000002054f290:   00000007c00ab050 000000001f799800
0x000000002054f2a0:   000000002054f2a0 0000000000000000
0x000000002054f2b0:   000000002054f310 000000001c0202f8
0x000000002054f2c0:   0000000000000000 000000001c01fb70
0x000000002054f2d0:   0000000000000000 000000002054f300
0x000000002054f2e0:   000000002054f358 0000000002a0835d
0x000000002054f2f0:   000000076c90bb38 0000000002a121d8
0x000000002054f300:   00000000ffffffff 000000001f1ec360
0x000000002054f310:   000000001f799800 000000002054f318
0x000000002054f320:   000000001c01e6ed 000000002054f370 

Instructions: (pc=0x0000000065ad21b0)
0x0000000065ad2190:   41 8b 12 49 8b 4a 18 0f c8 41 0f af 52 04 85 d2
0x0000000065ad21a0:   0f 8e 36 ff ff ff 83 ea 01 48 8d 54 91 04 66 90
0x0000000065ad21b0:   89 01 48 83 c1 04 48 39 ca 75 f5 48 83 c4 28 c3
0x0000000065ad21c0:   41 8b 12 49 8b 4a 18 41 0f af 52 04 85 d2 0f 8e 


Register to memory mapping:

RAX=0x00000000ffffffff is an unknown value
RBX={method} {0x000000001c01fb78} 'clear' '(JI)V' in 'com/badlogic/gdx/graphics/g2d/Gdx2DPixmap'
RCX=0x0000000027f28040 is an unknown value
RDX=0x00000000280fcc40 is an unknown value
RSP=0x000000002054f230 is pointing into the stack for thread: 0x000000001f799800
RBP=0x000000002054f2e0 is pointing into the stack for thread: 0x000000001f799800
RSI=0x0000000020200021 is an unknown value
RDI=0x0000000002a07f40 is at code_begin+1248 in an Interpreter codelet
invoke return entry points  [0x0000000002a07a60, 0x0000000002a08440]  2528 bytes
R8 =0x000000001f1ec360 is an unknown value
R9 =0x0000000000000004 is an unknown value
R10=0x000000001f1ec360 is an unknown value
R11=0x000000005e5bc6a0 is an unknown value
R12=0x0000000000000000 is an unknown value
R13={method} {0x000000001c01fb78} 'clear' '(JI)V' in 'com/badlogic/gdx/graphics/g2d/Gdx2DPixmap'
R14=0x000000002054f310 is pointing into the stack for thread: 0x000000001f799800
R15=0x000000001f799800 is a thread


Stack: [0x0000000020450000,0x0000000020550000],  sp=0x000000002054f230,  free space=1020k
Native frames: (J=compiled Java code, j=interpreted, Vv=VM code, C=native code)
C  [gdx64.dll+0x121b0]
C  0x0000000002a18c67

Java frames: (J=compiled Java code, j=interpreted, Vv=VM code)
j  com.badlogic.gdx.graphics.g2d.Gdx2DPixmap.clear(JI)V+0
j  com.badlogic.gdx.graphics.g2d.Gdx2DPixmap.clear(I)V+5
j  com.badlogic.gdx.graphics.Pixmap.fill()V+8
j  com.mygdx.game.MyGdxGame.create()V+175
j  com.badlogic.gdx.backends.lwjgl.LwjglApplication.mainLoop()V+29
j  com.badlogic.gdx.backends.lwjgl.LwjglApplication$1.run()V+27
v  ~StubRoutines::call_stub

---------------  P R O C E S S  ---------------

Java Threads: ( => current thread )
  0x0000000002904800 JavaThread "DestroyJavaVM" [_thread_blocked, id=7720, stack(0x0000000002590000,0x0000000002690000)]
=>0x000000001f799800 JavaThread "LWJGL Application" [_thread_in_native, id=20436, stack(0x0000000020450000,0x0000000020550000)]
  0x000000001e4d0800 JavaThread "Service Thread" daemon [_thread_blocked, id=10292, stack(0x000000001efd0000,0x000000001f0d0000)]
  0x000000001e426000 JavaThread "C1 CompilerThread3" daemon [_thread_blocked, id=17460, stack(0x000000001eed0000,0x000000001efd0000)]
  0x000000001e41e800 JavaThread "C2 CompilerThread2" daemon [_thread_blocked, id=10400, stack(0x000000001edd0000,0x000000001eed0000)]
  0x000000001e41a800 JavaThread "C2 CompilerThread1" daemon [_thread_blocked, id=25076, stack(0x000000001ecd0000,0x000000001edd0000)]
  0x000000001e41a000 JavaThread "C2 CompilerThread0" daemon [_thread_blocked, id=4696, stack(0x000000001ebd0000,0x000000001ecd0000)]
  0x000000001e410000 JavaThread "Monitor Ctrl-Break" daemon [_thread_in_native, id=1868, stack(0x000000001ead0000,0x000000001ebd0000)]
  0x000000001e2e1000 JavaThread "Attach Listener" daemon [_thread_blocked, id=892, stack(0x000000001e9d0000,0x000000001ead0000)]
  0x000000001e2ee800 JavaThread "Signal Dispatcher" daemon [_thread_blocked, id=12868, stack(0x000000001e8d0000,0x000000001e9d0000)]
  0x000000001e2d0800 JavaThread "Finalizer" daemon [_thread_blocked, id=4348, stack(0x000000001e6b0000,0x000000001e7b0000)]
  0x000000001c3bd000 JavaThread "Reference Handler" daemon [_thread_blocked, id=11900, stack(0x000000001e1b0000,0x000000001e2b0000)]

Other Threads:
  0x000000001c3b9000 VMThread [stack: 0x000000001e0b0000,0x000000001e1b0000] [id=27868]
  0x000000001e531800 WatcherThread [stack: 0x000000001f0d0000,0x000000001f1d0000] [id=14320]

VM state:not at safepoint (normal execution)

VM Mutex/Monitor currently owned by a thread: None

Heap:
 PSYoungGen      total 75776K, used 19611K [0x000000076b700000, 0x0000000770b80000, 0x00000007c0000000)
  eden space 65024K, 30% used [0x000000076b700000,0x000000076ca26c58,0x000000076f680000)
  from space 10752K, 0% used [0x0000000770100000,0x0000000770100000,0x0000000770b80000)
  to   space 10752K, 0% used [0x000000076f680000,0x000000076f680000,0x0000000770100000)
 ParOldGen       total 173568K, used 0K [0x00000006c2400000, 0x00000006ccd80000, 0x000000076b700000)
  object space 173568K, 0% used [0x00000006c2400000,0x00000006c2400000,0x00000006ccd80000)
 Metaspace       used 7220K, capacity 7315K, committed 7424K, reserved 1056768K
  class space    used 696K, capacity 720K, committed 768K, reserved 1048576K

Card table byte_map: [0x0000000011dc0000,0x00000000125b0000] byte_map_base: 0x000000000e7ae000

Marking Bits: (ParMarkBitMap*) 0x000000005ebb2d00
 Begin Bits: [0x0000000013300000, 0x0000000017270000)
 End Bits:   [0x0000000017270000, 0x000000001b1e0000)

Polling page: 0x0000000000820000

CodeCache: size=245760Kb used=2183Kb max_used=2183Kb free=243576Kb
 bounds [0x0000000002a00000, 0x0000000002c70000, 0x0000000011a00000]
 total_blobs=861 nmethods=406 adapters=368
 compilation: enabled

Compilation events (10 events):
Event: 1.506 Thread 0x000000001e426000 nmethod 401 0x0000000002c1ded0 code [0x0000000002c1e040, 0x0000000002c1e268]
Event: 1.508 Thread 0x000000001e41a800 nmethod 399 0x0000000002c21f50 code [0x0000000002c220a0, 0x0000000002c224d8]
Event: 1.517 Thread 0x000000001e426000  403       3       java.util.jar.Attributes$Name::hashCode (24 bytes)
Event: 1.517 Thread 0x000000001e426000 nmethod 403 0x0000000002c22850 code [0x0000000002c229c0, 0x0000000002c22ba8]
Event: 1.519 Thread 0x000000001e426000  404       3       java.lang.ref.WeakReference::<init> (7 bytes)
Event: 1.519 Thread 0x000000001e426000 nmethod 404 0x0000000002c22c50 code [0x0000000002c22dc0, 0x0000000002c23070]
Event: 1.521 Thread 0x000000001e426000  405       3       java.util.jar.Attributes::getValue (9 bytes)
Event: 1.521 Thread 0x000000001e426000 nmethod 405 0x0000000002c23150 code [0x0000000002c232c0, 0x0000000002c23628]
Event: 1.521 Thread 0x000000001e426000  406       3       java.util.jar.Attributes::get (11 bytes)
Event: 1.521 Thread 0x000000001e426000 nmethod 406 0x0000000002c23750 code [0x0000000002c238c0, 0x0000000002c23ae8]

GC Heap History (0 events):
No events

Deoptimization events (1 events):
Event: 0.301 Thread 0x0000000002904800 Uncommon trap: reason=unstable_if action=reinterpret pc=0x0000000002b498d8 method=sun.nio.cs.UTF_8$Encoder.encode([CII[B)I @ 33

Classes redefined (0 events):
No events

Internal exceptions (10 events):
Event: 0.165 Thread 0x0000000002904800 Exception <a 'java/security/PrivilegedActionException'> (0x000000076bced960) thrown at [C:\re\workspace\8-2-build-windows-amd64-cygwin\jdk8u181\11358\hotspot\src\share\vm\prims\jvm.cpp, line 1435]
Event: 0.165 Thread 0x0000000002904800 Exception <a 'java/security/PrivilegedActionException'> (0x000000076bcedb70) thrown at [C:\re\workspace\8-2-build-windows-amd64-cygwin\jdk8u181\11358\hotspot\src\share\vm\prims\jvm.cpp, line 1435]
Event: 0.165 Thread 0x0000000002904800 Exception <a 'java/security/PrivilegedActionException'> (0x000000076bcf1a80) thrown at [C:\re\workspace\8-2-build-windows-amd64-cygwin\jdk8u181\11358\hotspot\src\share\vm\prims\jvm.cpp, line 1435]
Event: 0.166 Thread 0x0000000002904800 Exception <a 'java/security/PrivilegedActionException'> (0x000000076bcf1c90) thrown at [C:\re\workspace\8-2-build-windows-amd64-cygwin\jdk8u181\11358\hotspot\src\share\vm\prims\jvm.cpp, line 1435]
Event: 0.330 Thread 0x0000000002904800 Exception <a 'java/security/PrivilegedActionException'> (0x000000076be9e950) thrown at [C:\re\workspace\8-2-build-windows-amd64-cygwin\jdk8u181\11358\hotspot\src\share\vm\prims\jvm.cpp, line 1435]
Event: 0.330 Thread 0x0000000002904800 Exception <a 'java/security/PrivilegedActionException'> (0x000000076bea0628) thrown at [C:\re\workspace\8-2-build-windows-amd64-cygwin\jdk8u181\11358\hotspot\src\share\vm\prims\jvm.cpp, line 1435]
Event: 0.330 Thread 0x0000000002904800 Exception <a 'java/security/PrivilegedActionException'> (0x000000076bea1798) thrown at [C:\re\workspace\8-2-build-windows-amd64-cygwin\jdk8u181\11358\hotspot\src\share\vm\prims\jvm.cpp, line 1435]
Event: 0.330 Thread 0x0000000002904800 Exception <a 'java/security/PrivilegedActionException'> (0x000000076bea6ce8) thrown at [C:\re\workspace\8-2-build-windows-amd64-cygwin\jdk8u181\11358\hotspot\src\share\vm\prims\jvm.cpp, line 1435]
Event: 0.330 Thread 0x0000000002904800 Exception <a 'java/security/PrivilegedActionException'> (0x000000076bea7940) thrown at [C:\re\workspace\8-2-build-windows-amd64-cygwin\jdk8u181\11358\hotspot\src\share\vm\prims\jvm.cpp, line 1435]
Event: 0.330 Thread 0x0000000002904800 Exception <a 'java/security/PrivilegedActionException'> (0x000000076bea8568) thrown at [C:\re\workspace\8-2-build-windows-amd64-cygwin\jdk8u181\11358\hotspot\src\share\vm\prims\jvm.cpp, line 1435]

Events (10 events):
Event: 1.519 loading class com/badlogic/gdx/graphics/Texture$TextureWrap
Event: 1.519 loading class com/badlogic/gdx/graphics/Texture$TextureWrap done
Event: 1.519 loading class com/badlogic/gdx/graphics/TextureData$TextureDataType
Event: 1.519 loading class com/badlogic/gdx/graphics/TextureData$TextureDataType done
Event: 1.519 loading class org/lwjgl/opengl/GLChecks
Event: 1.519 loading class org/lwjgl/opengl/GLChecks done
Event: 1.521 loading class com/badlogic/gdx/graphics/g2d/Sprite
Event: 1.521 loading class com/badlogic/gdx/graphics/g2d/Sprite done
Event: 1.521 loading class com/badlogic/gdx/graphics/g2d/TextureRegion
Event: 1.521 loading class com/badlogic/gdx/graphics/g2d/TextureRegion done


Dynamic libraries:
0x00007ff614880000 - 0x00007ff6148b7000 	C:\Program Files\Java\jdk1.8.0_181\bin\java.exe
0x00007ffe9d930000 - 0x00007ffe9db11000 	C:\WINDOWS\SYSTEM32\ntdll.dll
0x00007ffe9d130000 - 0x00007ffe9d1e2000 	C:\WINDOWS\System32\KERNEL32.DLL
0x00007ffe99fb0000 - 0x00007ffe9a223000 	C:\WINDOWS\System32\KERNELBASE.dll
0x00007ffe9d520000 - 0x00007ffe9d5c1000 	C:\WINDOWS\System32\ADVAPI32.dll
0x00007ffe9bbf0000 - 0x00007ffe9bc8e000 	C:\WINDOWS\System32\msvcrt.dll
0x00007ffe9d6c0000 - 0x00007ffe9d71b000 	C:\WINDOWS\System32\sechost.dll
0x00007ffe9b6e0000 - 0x00007ffe9b804000 	C:\WINDOWS\System32\RPCRT4.dll
0x00007ffe9b550000 - 0x00007ffe9b6e0000 	C:\WINDOWS\System32\USER32.dll
0x00007ffe9a590000 - 0x00007ffe9a5b0000 	C:\WINDOWS\System32\win32u.dll
0x00007ffe9b420000 - 0x00007ffe9b448000 	C:\WINDOWS\System32\GDI32.dll
0x00007ffe99d00000 - 0x00007ffe99e92000 	C:\WINDOWS\System32\gdi32full.dll
0x00007ffe9a300000 - 0x00007ffe9a39f000 	C:\WINDOWS\System32\msvcp_win.dll
0x00007ffe9acc0000 - 0x00007ffe9adba000 	C:\WINDOWS\System32\ucrtbase.dll
0x00007ffe8dd30000 - 0x00007ffe8df99000 	C:\WINDOWS\WinSxS\amd64_microsoft.windows.common-controls_6595b64144ccf1df_6.0.17134.590_none_fb3d9bff3069e088\COMCTL32.dll
0x00007ffe9d1f0000 - 0x00007ffe9d512000 	C:\WINDOWS\System32\combase.dll
0x00007ffe9a230000 - 0x00007ffe9a2aa000 	C:\WINDOWS\System32\bcryptPrimitives.dll
0x00007ffe9d720000 - 0x00007ffe9d74d000 	C:\WINDOWS\System32\IMM32.DLL
0x000000005fbd0000 - 0x000000005fca2000 	C:\Program Files\Java\jdk1.8.0_181\jre\bin\msvcr100.dll
0x000000005e390000 - 0x000000005ec32000 	C:\Program Files\Java\jdk1.8.0_181\jre\bin\server\jvm.dll
0x00007ffe9d750000 - 0x00007ffe9d758000 	C:\WINDOWS\System32\PSAPI.DLL
0x00007ffe88200000 - 0x00007ffe88209000 	C:\WINDOWS\SYSTEM32\WSOCK32.dll
0x00007ffe90ed0000 - 0x00007ffe90ef3000 	C:\WINDOWS\SYSTEM32\WINMM.dll
0x00007ffe952a0000 - 0x00007ffe952aa000 	C:\WINDOWS\SYSTEM32\VERSION.dll
0x00007ffe9af60000 - 0x00007ffe9afcc000 	C:\WINDOWS\System32\WS2_32.dll
0x00007ffe90ea0000 - 0x00007ffe90eca000 	C:\WINDOWS\SYSTEM32\WINMMBASE.dll
0x00007ffe9a2b0000 - 0x00007ffe9a2f9000 	C:\WINDOWS\System32\cfgmgr32.dll
0x00000000603b0000 - 0x00000000603bf000 	C:\Program Files\Java\jdk1.8.0_181\jre\bin\verify.dll
0x0000000060380000 - 0x00000000603a9000 	C:\Program Files\Java\jdk1.8.0_181\jre\bin\java.dll
0x000000005fba0000 - 0x000000005fbc3000 	C:\Program Files\Java\jdk1.8.0_181\jre\bin\instrument.dll
0x0000000060360000 - 0x0000000060376000 	C:\Program Files\Java\jdk1.8.0_181\jre\bin\zip.dll
0x00007ffe9bcf0000 - 0x00007ffe9d130000 	C:\WINDOWS\System32\SHELL32.dll
0x00007ffe9aea0000 - 0x00007ffe9af49000 	C:\WINDOWS\System32\shcore.dll
0x00007ffe9a5b0000 - 0x00007ffe9acbd000 	C:\WINDOWS\System32\windows.storage.dll
0x00007ffe9bc90000 - 0x00007ffe9bce1000 	C:\WINDOWS\System32\shlwapi.dll
0x00007ffe99ce0000 - 0x00007ffe99cf1000 	C:\WINDOWS\System32\kernel.appcore.dll
0x00007ffe99cb0000 - 0x00007ffe99ccf000 	C:\WINDOWS\System32\profapi.dll
0x00007ffe99c60000 - 0x00007ffe99cac000 	C:\WINDOWS\System32\powrprof.dll
0x00007ffe99cd0000 - 0x00007ffe99cda000 	C:\WINDOWS\System32\FLTLIB.DLL
0x00007ffe94d30000 - 0x00007ffe94d4a000 	C:\Users\aygun\AppData\Local\JetBrains\Toolbox\apps\IDEA-U\ch-0\183.4284.148\bin\breakgen64.dll
0x0000000060310000 - 0x000000006032a000 	C:\Program Files\Java\jdk1.8.0_181\jre\bin\net.dll
0x00007ffe994c0000 - 0x00007ffe99526000 	C:\WINDOWS\system32\mswsock.dll
0x0000000065ac0000 - 0x0000000065b26000 	C:\Users\aygun\AppData\Local\Temp\libgdxaygun\689f6d6a\gdx64.dll
0x00007ffe99670000 - 0x00007ffe99687000 	C:\WINDOWS\SYSTEM32\CRYPTSP.dll
0x00007ffe990a0000 - 0x00007ffe990d3000 	C:\WINDOWS\system32\rsaenh.dll
0x00007ffe997a0000 - 0x00007ffe997c5000 	C:\WINDOWS\SYSTEM32\bcrypt.dll
0x00007ffe99b40000 - 0x00007ffe99b68000 	C:\WINDOWS\SYSTEM32\USERENV.dll
0x00007ffe99690000 - 0x00007ffe9969b000 	C:\WINDOWS\SYSTEM32\CRYPTBASE.dll
0x00007ffe99240000 - 0x00007ffe99278000 	C:\WINDOWS\SYSTEM32\IPHLPAPI.DLL
0x00007ffe9b8e0000 - 0x00007ffe9b8e8000 	C:\WINDOWS\System32\NSI.dll
0x00007ffe93f90000 - 0x00007ffe93fa6000 	C:\WINDOWS\SYSTEM32\dhcpcsvc6.DLL
0x00007ffe93f70000 - 0x00007ffe93f8a000 	C:\WINDOWS\SYSTEM32\dhcpcsvc.DLL
0x00000000602f0000 - 0x0000000060301000 	C:\Program Files\Java\jdk1.8.0_181\jre\bin\nio.dll
0x0000000180000000 - 0x0000000180053000 	C:\Users\aygun\AppData\Local\Temp\libgdxaygun\dc0f0009\lwjgl64.dll
0x00007ffe8fb70000 - 0x00007ffe8fc90000 	C:\WINDOWS\SYSTEM32\OPENGL32.dll
0x00007ffe95470000 - 0x00007ffe9549c000 	C:\WINDOWS\SYSTEM32\GLU32.dll
0x000000001fe10000 - 0x000000001fe74000 	C:\Users\aygun\AppData\Local\Temp\libgdxaygun\dc0f0009\OpenAL64.dll
0x00007ffe9b8f0000 - 0x00007ffe9ba41000 	C:\WINDOWS\System32\ole32.dll
0x00007ffe97b20000 - 0x00007ffe97bb8000 	C:\WINDOWS\system32\uxtheme.dll
0x00007ffe9b450000 - 0x00007ffe9b4f0000 	C:\WINDOWS\System32\clbcatq.dll
0x00007ffe94330000 - 0x00007ffe944e4000 	C:\WINDOWS\System32\PROPSYS.dll
0x00007ffe9b810000 - 0x00007ffe9b8d3000 	C:\WINDOWS\System32\OLEAUT32.dll
0x00007ffe693d0000 - 0x00007ffe6945f000 	C:\WINDOWS\SYSTEM32\dsound.dll
0x00007ffe935f0000 - 0x00007ffe93666000 	C:\WINDOWS\System32\MMDevApi.dll
0x00007ffe99a50000 - 0x00007ffe99a77000 	C:\WINDOWS\System32\DEVOBJ.dll
0x00007ffe91230000 - 0x00007ffe9135c000 	C:\WINDOWS\SYSTEM32\AUDIOSES.DLL
0x00007ffe95b00000 - 0x00007ffe95c4d000 	C:\WINDOWS\SYSTEM32\wintypes.dll
0x00007ffe95800000 - 0x00007ffe9580a000 	C:\WINDOWS\SYSTEM32\AVRT.dll
0x00007ffe9ba50000 - 0x00007ffe9bbc3000 	C:\WINDOWS\System32\MSCTF.dll
0x00007ffe97db0000 - 0x00007ffe97dd9000 	C:\WINDOWS\system32\dwmapi.dll
0x00007ffe86f50000 - 0x00007ffe86f77000 	C:\WINDOWS\System32\DriverStore\FileRepository\c0338885.inf_amd64_648d9ae54bb276d8\B338884\atig6pxx.dll
0x00007ffe51710000 - 0x00007ffe53e40000 	C:\WINDOWS\System32\DriverStore\FileRepository\c0338885.inf_amd64_648d9ae54bb276d8\B338884\atio6axx.dll
0x00007ffe9afd0000 - 0x00007ffe9b41b000 	C:\WINDOWS\System32\SETUPAPI.dll
0x00007ffe94eb0000 - 0x00007ffe94ed2000 	C:\WINDOWS\SYSTEM32\dxva2.dll
0x00007ffe65f90000 - 0x00007ffe65fca000 	C:\WINDOWS\System32\DriverStore\FileRepository\c0338885.inf_amd64_648d9ae54bb276d8\B338884\atig6txx.dll
0x00007ffe612f0000 - 0x00007ffe6148d000 	C:\WINDOWS\SYSTEM32\atiadlxx.dll
0x00007ffe99ea0000 - 0x00007ffe99ef7000 	C:\WINDOWS\System32\WINTRUST.dll
0x00007ffe99c40000 - 0x00007ffe99c52000 	C:\WINDOWS\System32\MSASN1.dll
0x00007ffe9a3a0000 - 0x00007ffe9a582000 	C:\WINDOWS\System32\CRYPT32.dll
0x00007ffe88480000 - 0x00007ffe88516000 	C:\WINDOWS\System32\TextInputFramework.dll
0x00007ffe7a5b0000 - 0x00007ffe7a8ce000 	C:\WINDOWS\System32\CoreUIComponents.dll
0x00007ffe977a0000 - 0x00007ffe9787a000 	C:\WINDOWS\System32\CoreMessaging.dll
0x00007ffe98d30000 - 0x00007ffe98d61000 	C:\WINDOWS\SYSTEM32\ntmarta.dll
0x00007ffe7b7c0000 - 0x00007ffe7b868000 	C:\WINDOWS\SYSTEM32\mscms.dll
0x00007ffe94cc0000 - 0x00007ffe94cd0000 	C:\WINDOWS\SYSTEM32\ColorAdapterClient.dll
0x00007ffe73e80000 - 0x00007ffe73ec3000 	C:\WINDOWS\SYSTEM32\icm32.dll
0x00007ffe939b0000 - 0x00007ffe93b79000 	C:\WINDOWS\SYSTEM32\dbghelp.dll

VM Arguments:
jvm_args: -javaagent:C:\Users\aygun\AppData\Local\JetBrains\Toolbox\apps\IDEA-U\ch-0\183.4284.148\lib\idea_rt.jar=64969:C:\Users\aygun\AppData\Local\JetBrains\Toolbox\apps\IDEA-U\ch-0\183.4284.148\bin -Dfile.encoding=UTF-8 
java_command: com.mygdx.game.desktop.DesktopLauncher
java_class_path (initial): C:\Program Files\Java\jdk1.8.0_181\jre\lib\charsets.jar;C:\Program Files\Java\jdk1.8.0_181\jre\lib\deploy.jar;C:\Program Files\Java\jdk1.8.0_181\jre\lib\ext\access-bridge-64.jar;C:\Program Files\Java\jdk1.8.0_181\jre\lib\ext\cldrdata.jar;C:\Program Files\Java\jdk1.8.0_181\jre\lib\ext\dnsns.jar;C:\Program Files\Java\jdk1.8.0_181\jre\lib\ext\jaccess.jar;C:\Program Files\Java\jdk1.8.0_181\jre\lib\ext\jfxrt.jar;C:\Program Files\Java\jdk1.8.0_181\jre\lib\ext\localedata.jar;C:\Program Files\Java\jdk1.8.0_181\jre\lib\ext\nashorn.jar;C:\Program Files\Java\jdk1.8.0_181\jre\lib\ext\sunec.jar;C:\Program Files\Java\jdk1.8.0_181\jre\lib\ext\sunjce_provider.jar;C:\Program Files\Java\jdk1.8.0_181\jre\lib\ext\sunmscapi.jar;C:\Program Files\Java\jdk1.8.0_181\jre\lib\ext\sunpkcs11.jar;C:\Program Files\Java\jdk1.8.0_181\jre\lib\ext\zipfs.jar;C:\Program Files\Java\jdk1.8.0_181\jre\lib\javaws.jar;C:\Program Files\Java\jdk1.8.0_181\jre\lib\jce.jar;C:\Program Files\Java\jdk1.8.0_181\jre\lib\jfr.jar;C:\Program Files\Java\jdk1.8.0_181\jre\lib\jfxswt.jar;C:\Program Files\Java\jdk1.8.0_181\jre\lib\jsse.jar;C:\Program Files\Java\jdk1.8.0_181\jre\lib\management-agent.jar;C:\Program Files\Java\jdk1.8.0_181\jre\lib\plugin.jar;C:\Program Files\Java\jdk1.8.0_181\jre\lib\resources.jar;C:\Program Files\Java\jdk1.8.0_181\jre\lib\rt.jar;C:\Users\aygun\IdeaProjects\gdxprjj1\desktop\out\production\classes;C:\Users\aygun\IdeaProjects\gdxprjj1\core\out\production\classes;C:\Users\aygun\.gradle\caches\modules-2\files-2.1\com.badlogicgames.gdx\gdx-backend-lwjgl\1.9.9\ca8911cb94c0bfeb59f99e46ca9b92440958fb0e\gdx-backend-lwjgl-1.9.9.jar;C:\Users\aygun\.gradle\caches\modules-2\files-2.1\com.badlogicgames.gdx\gdx-platform\1.9.9\7e644cfafdb436b13b24ac7993ffab17f306b64d\gdx-platform-1.9.9-natives-desktop.jar;C:\Users\aygun\.gradle\caches\modules-2\files-2.1\com.badlogicgames.gdx\gdx-box2d-platform\1.9.9\72b2916f45f3f948896eda931cd597f7e698340f\gdx-box2d-platform-1.9.9-natives-desktop.j
Launcher Type: SUN_STANDARD

Environment Variables:
PATH=C:\Program Files (x86)\NVIDIA Corporation\PhysX\Common;C:\Program Files (x86)\Common Files\Oracle\Java\javapath;C:\WINDOWS\system32;C:\WINDOWS;C:\WINDOWS\System32\Wbem;C:\WINDOWS\System32\WindowsPowerShell\v1.0\;C:\Program Files\Microsoft VS Code\bin;C:\WINDOWS\System32\OpenSSH\;C:\Program Files\nodejs\;C:\Program Files (x86)\Windows Live\Shared;C:\Program Files\Git\cmd;C:\xampp\php;C:\composer;C:\Program Files\PuTTY\;C:\Go\bin;C:\Program Files\Intel\WiFi\bin\;C:\Program Files\Common Files\Intel\WirelessCommon\;C:\Program Files (x86)\Steel Bank Common Lisp\1.4.14\;C:\Program Files (x86)\Intel\Intel(R) Management Engine Components\DAL;C:\Program Files\Intel\Intel(R) Management Engine Components\DAL;"C:\Users\aygun\AppData\Local\Microsoft\WindowsApps; C:\cygwin64\bin";C:\cygwin64\bin;C:\Program Files\Notepad++;C:\Program Files\Docker Toolbox;C:\Users\aygun\AppData\Local\Microsoft\WindowsApps;C:\Users\aygun\AppData\Roaming\npm;C:\Users\aygun\AppData\Roaming\Composer\vendor\bin;C:\ProgramData\Microsoft\Windows\Start Menu\Programs\Python 3.6;C:\Users\aygun\go\bin;C:\Program Files\Intel\WiFi\bin\;C:\Program Files\Common Files\Intel\WirelessCommon\;C:\Users\aygun\AppData\Local\atom\bin
USERNAME=aygun
OS=Windows_NT
PROCESSOR_IDENTIFIER=Intel64 Family 6 Model 142 Stepping 10, GenuineIntel



---------------  S Y S T E M  ---------------

OS: Windows 10.0 , 64 bit Build 17134 (10.0.17134.556)

CPU:total 8 (initial active 8) (4 cores per cpu, 2 threads per core) family 6 model 142 stepping 10, cmov, cx8, fxsr, mmx, sse, sse2, sse3, ssse3, sse4.1, sse4.2, popcnt, avx, avx2, aes, clmul, erms, 3dnowpref, lzcnt, ht, tsc, tscinvbit, bmi1, bmi2, adx

Memory: 4k page, physical 16627808k(8705292k free), swap 19118176k(8218720k free)

vm_info: Java HotSpot(TM) 64-Bit Server VM (25.181-b13) for windows-amd64 JRE (1.8.0_181-b13), built on Jul  7 2018 04:01:33 by "java_re" with MS VC++ 10.0 (VS2010)

time: Fri Mar 08 10:21:32 2019
elapsed time: 1 seconds (0d 0h 0m 1s)

